[19:22:18] [ServerMain/INFO]: [bootstrap] Running Java 21 (OpenJDK 64-Bit Server VM 21.0.7+6-Ubuntu-0ubuntu120.04; Ubuntu null) on Linux 6.8.0-1027-azure (amd64)
[19:22:18] [ServerMain/INFO]: [bootstrap] Loading Paper 1.21.5-103-main@2ba1675 (2025-05-29T12:14:46Z) for Minecraft 1.21.5
[19:22:18] [ServerMain/INFO]: [PluginInitializerManager] Initializing plugins...
[19:22:19] [ServerMain/INFO]: [PluginInitializerManager] Initialized 2 plugins
[19:22:19] [ServerMain/INFO]: [PluginInitializerManager] Bukkit plugins (2):
 - Dis-Enchanting (1.0), SkinsRestorer (15.6.6)
[19:22:26] [ServerMain/INFO]: Environment: Environment[sessionHost=https://sessionserver.mojang.com, servicesHost=https://api.minecraftservices.com, name=PROD]
[19:22:30] [ServerMain/INFO]: Loaded 1373 recipes
[19:22:30] [ServerMain/INFO]: Loaded 1484 advancements
[19:22:30] [Server thread/INFO]: Starting minecraft server version 1.21.5
[19:22:30] [Server thread/INFO]: Loading properties
[19:22:30] [Server thread/INFO]: This server is running Paper version 1.21.5-103-main@2ba1675 (2025-05-29T12:14:46Z) (Implementing API version 1.21.5-R0.1-SNAPSHOT)
[19:22:30] [Server thread/INFO]: [spark] This server bundles the spark profiler. For more information please visit https://docs.papermc.io/paper/profiling
[19:22:30] [Server thread/INFO]: Server Ping Player Sample Count: 12
[19:22:30] [Server thread/INFO]: Using 4 threads for Netty based IO
[19:22:32] [Server thread/INFO]: [MoonriseCommon] Paper is using 1 worker threads, 1 I/O threads
[19:22:32] [Server thread/INFO]: [ChunkTaskScheduler] Chunk system is using population gen parallelism: true
[19:22:33] [Server thread/INFO]: Default game type: SURVIVAL
[19:22:33] [Server thread/INFO]: Generating keypair
[19:22:33] [Server thread/INFO]: Starting Minecraft server on *:25565
[19:22:33] [Server thread/INFO]: Using epoll channel type
[19:22:33] [Server thread/INFO]: Paper: Using libdeflate (Linux x86_64) compression from Velocity.
[19:22:33] [Server thread/INFO]: Paper: Using OpenSSL 1.1.x (Linux x86_64) cipher from Velocity.
[19:22:33] [Server thread/INFO]: [Dis-Enchanting] Loading server plugin Dis-Enchanting v1.0
[19:22:33] [Server thread/INFO]: [SkinsRestorer] Loading server plugin SkinsRestorer v15.6.6
[19:22:33] [Server thread/INFO]: Server permissions file permissions.yml is empty, ignoring it
[19:22:33] [Server thread/INFO]: [SkinsRestorer] Enabling SkinsRestorer v15.6.6
[19:22:35] [Server thread/INFO]: [SkinsRestorer] Running on Minecraft 1.21.5.
[19:22:36] [Server thread/INFO]: [SkinsRestorer] Using paper join listener!
[19:22:36] [Server thread/WARN]: **** SERVER IS RUNNING IN OFFLINE/INSECURE MODE!
[19:22:36] [Server thread/WARN]: The server will make no attempt to authenticate usernames. Beware.
[19:22:36] [Server thread/WARN]: While this makes the game possible to play without internet access, it also opens up the ability for hackers to connect with any username they choose.
[19:22:36] [Server thread/WARN]: To change this, set "online-mode" to "true" in the server.properties file.
[19:22:36] [Server thread/INFO]: Preparing level "world"
[19:22:36] [Folia Async Scheduler Thread #1/INFO]: [SkinsRestorer] ----------------------------------------------
[19:22:36] [Folia Async Scheduler Thread #1/INFO]: [SkinsRestorer]     +==================+
[19:22:36] [Folia Async Scheduler Thread #1/INFO]: [SkinsRestorer]     |   SkinsRestorer  |
[19:22:36] [Folia Async Scheduler Thread #1/INFO]: [SkinsRestorer]     |------------------|
[19:22:36] [Folia Async Scheduler Thread #1/INFO]: [SkinsRestorer]     |  Standalone Mode |
[19:22:36] [Folia Async Scheduler Thread #1/INFO]: [SkinsRestorer]     +==================+
[19:22:36] [Folia Async Scheduler Thread #1/INFO]: [SkinsRestorer] ----------------------------------------------
[19:22:36] [Folia Async Scheduler Thread #1/INFO]: [SkinsRestorer]     Version: 15.6.6
[19:22:36] [Folia Async Scheduler Thread #1/INFO]: [SkinsRestorer]     Commit: 763d6fb
[19:22:36] [Folia Async Scheduler Thread #1/INFO]: [SkinsRestorer]     This is the latest version!
[19:22:36] [Folia Async Scheduler Thread #1/INFO]: [SkinsRestorer] ----------------------------------------------
[19:22:36] [Folia Async Scheduler Thread #1/INFO]: [SkinsRestorer] Do you have issues? Read our troubleshooting guide: https://skinsrestorer.net/docs/troubleshooting
[19:22:36] [Folia Async Scheduler Thread #1/INFO]: [SkinsRestorer] Want to support SkinsRestorer? Consider donating: https://skinsrestorer.net/donate
[19:22:37] [Server thread/INFO]: Preparing start region for dimension minecraft:overworld
[19:22:37] [Server thread/INFO]: Preparing spawn area: 0%
[19:22:37] [Server thread/INFO]: Preparing spawn area: 2%
[19:22:38] [Server thread/INFO]: Preparing spawn area: 2%
[19:22:39] [Server thread/INFO]: Preparing spawn area: 34%
[19:22:39] [Server thread/INFO]: Preparing spawn area: 34%
[19:22:39] [Server thread/INFO]: Time elapsed: 2041 ms
[19:22:39] [Server thread/INFO]: Preparing start region for dimension minecraft:the_nether
[19:22:39] [Server thread/INFO]: Preparing spawn area: 0%
[19:22:39] [Server thread/INFO]: Preparing spawn area: 0%
[19:22:39] [Server thread/INFO]: Time elapsed: 637 ms
[19:22:39] [Server thread/INFO]: Preparing start region for dimension minecraft:the_end
[19:22:39] [Server thread/INFO]: Preparing spawn area: 0%
[19:22:40] [Server thread/INFO]: Time elapsed: 239 ms
[19:22:40] [Server thread/INFO]: [Dis-Enchanting] Enabling Dis-Enchanting v1.0
[19:22:40] [Server thread/INFO]: [spark] Starting background profiler...
[19:22:40] [Server thread/INFO]: Done preparing level "world" (4.720s)
[19:22:40] [Server thread/INFO]: Running delayed init tasks
[19:22:40] [Server thread/INFO]: Done (23.824s)! For help, type "help"
[19:22:52] [User Authenticator #0/INFO]: UUID of player JeylK is 7d6053e3-ad35-3e64-9560-931cbc77a1a5
[19:22:53] [Server thread/INFO]: JeylK joined the game
[19:22:53] [Server thread/INFO]: JeylK[/127.20.23.108:44387] logged in with entity id 79 at ([world]1879.6999781377754, 65.0, 907.5804584407131)
[19:35:27] [Server thread/INFO]: JeylK issued server command: /give JeylK minecraft:bone_meal 192
[19:35:27] [Server thread/INFO]: [JeylK: Gave 192 [Bone Meal] to JeylK]
[19:36:05] [Server thread/INFO]: JeylK issued server command: /enchant JeylK minecraft:efficiency 5
[19:36:09] [Server thread/INFO]: JeylK issued server command: /enchant JeylK minecraft:efficiency 4
[19:37:24] [User Authenticator #1/INFO]: UUID of player Brandauwu is abac0e45-2b71-3ee4-ae2b-f7603dea5205
[19:37:25] [Server thread/INFO]: Brandauwu joined the game
[19:37:25] [Server thread/INFO]: Brandauwu[/127.20.23.108:60639] logged in with entity id 2156 at ([world_nether]425.4490226651175, 44.0, 123.09263870302905)
[19:39:20] [Server thread/INFO]: JeylK issued server command: /enchant JeylK minecraft:efficiency 5
[19:39:20] [Server thread/INFO]: [JeylK: Applied enchantment Efficiency V to JeylK's item]
[19:51:37] [Server thread/INFO]: Brandauwu was slain by Piglin
[19:58:16] [Async Chat Thread - #0/INFO]: [Not Secure] <Brandauwu> vamos a cazar ovejas wuajajajajajaj
[20:10:28] [Async Chat Thread - #1/INFO]: [Not Secure] <Brandauwu> ya no soy megra
[20:10:42] [Async Chat Thread - #1/INFO]: [Not Secure] <Brandauwu> y ese poco de flores?
[20:10:50] [Async Chat Thread - #1/INFO]: [Not Secure] <Brandauwu> que lindo
[20:14:08] [Server thread/INFO]: JeylK issued server command: /give JeylK minecraft:diorite 292
[20:14:08] [Server thread/INFO]: [JeylK: Gave 292 [Diorite] to JeylK]
[20:23:24] [Server thread/INFO]: Brandauwu has made the advancement [The Parrots and the Bats]
[20:33:13] [Server thread/INFO]: JeylK issued server command: /give JeylK minecraft:open_eyeblossom 192
[20:33:13] [Server thread/INFO]: [JeylK: Gave 192 [Open Eyeblossom] to JeylK]
[20:54:32] [Server thread/INFO]: JeylK issued server command: /gamemode spectator
[20:54:32] [Server thread/INFO]: [JeylK: Set own game mode to Spectator Mode]
[20:54:50] [Server thread/INFO]: JeylK issued server command: /gamemode survival
[20:54:50] [Server thread/INFO]: [JeylK: Set own game mode to Survival Mode]
[20:57:11] [Async Chat Thread - #3/INFO]: [Not Secure] <JeylK> mujer
[20:57:13] [Async Chat Thread - #4/INFO]: [Not Secure] <JeylK> mision
[20:57:19] [Async Chat Thread - #3/INFO]: [Not Secure] <Brandauwu> CUAL
[20:57:20] [Async Chat Thread - #4/INFO]: [Not Secure] <JeylK> destruir una bastion completa
[20:57:23] [Async Chat Thread - #3/INFO]: [Not Secure] <Brandauwu> xdddd
[20:57:33] [Async Chat Thread - #3/INFO]: [Not Secure] <Brandauwu> perame guardo y tengo espacio para ir
[20:57:41] [Async Chat Thread - #4/INFO]: [Not Secure] <JeylK> ven con el inventario vacio
[20:57:46] [Async Chat Thread - #3/INFO]: [Not Secure] <JeylK> un buen pico
[20:57:50] [Async Chat Thread - #3/INFO]: [Not Secure] <JeylK> y 2 escudos
[21:00:26] [Server thread/INFO]: JeylK issued server command: /enchant JeylK minecraft:unbreaking 5
[21:00:28] [Server thread/INFO]: JeylK issued server command: /enchant JeylK minecraft:unbreaking 3
[21:00:28] [Server thread/INFO]: [JeylK: Applied enchantment Unbreaking III to JeylK's item]
[21:02:20] [Server thread/INFO]: JeylK issued server command: /tp Brandauwu JeylK
[21:02:20] [Server thread/INFO]: [JeylK: Teleported Brandauwu to JeylK]
[21:03:11] [Server thread/INFO]: JeylK fell from a high place
[21:03:30] [Server thread/INFO]: JeylK issued server command: /tp Brandauwu
[21:03:30] [Server thread/INFO]: [JeylK: Teleported JeylK to Brandauwu]
[21:18:29] [Server thread/INFO]: JeylK issued server command: /tp Brandauwu JeylK
[21:18:29] [Server thread/INFO]: [JeylK: Teleported Brandauwu to JeylK]
[21:21:01] [Server thread/INFO]: Brandauwu was slain by Piglin Brute
[21:21:32] [Server thread/INFO]: JeylK issued server command: /tp Brandauwu JeylK
[21:21:32] [Server thread/INFO]: [JeylK: Teleported Brandauwu to JeylK]
[21:23:18] [Server thread/INFO]: Brandauwu was slain by Piglin Brute
[21:24:11] [Async Chat Thread - #5/INFO]: [Not Secure] <Brandauwu> llevame
[21:24:17] [Server thread/INFO]: JeylK issued server command: /tp Brandauwu JeylK
[21:24:17] [Server thread/INFO]: [JeylK: Teleported Brandauwu to JeylK]
[21:29:26] [Async Chat Thread - #7/INFO]: [Not Secure] <Brandauwu> tenes pico? ya se me acabron los 3 que tenia xddddd
[21:29:36] [Async Chat Thread - #8/INFO]: [Not Secure] <JeylK> en los cofres de ahi hay 1
[21:40:54] [Async Chat Thread - #9/INFO]: [Not Secure] <JeylK> amor recoge el arenero
[21:54:45] [Async Chat Thread - #11/INFO]: [Not Secure] <Brandauwu> necesitas mas?
[21:56:15] [Async Chat Thread - #13/INFO]: [Not Secure] <Brandauwu> le destruimos la casa, le robamos cofres y los matamos
[21:56:20] [Async Chat Thread - #13/INFO]: [Not Secure] <Brandauwu> somos los maalos?}
[21:56:27] [Async Chat Thread - #13/INFO]: [Not Secure] <JeylK> si
[21:56:49] [Async Chat Thread - #14/INFO]: [Not Secure] <Brandauwu> uhhh decition decition
[21:56:51] [Async Chat Thread - #14/INFO]: [Not Secure] <Brandauwu> oro
[21:59:34] [Server thread/INFO]: JeylK fell from a high place
[22:01:37] [Server thread/INFO]: JeylK lost connection: Disconnected
[22:01:37] [Server thread/INFO]: JeylK left the game
[22:02:03] [Server thread/INFO]: Unknown or incomplete command, see below for error
/say salte<--[HERE]
[22:02:08] [Server thread/INFO]: [Not Secure] [Server] salte
[22:02:14] [Async Chat Thread - #15/INFO]: [Not Secure] <Brandauwu> no, puto
[22:02:23] [Server thread/INFO]: Brandauwu lost connection: Disconnected
[22:02:23] [Server thread/INFO]: Brandauwu left the game
[22:02:31] [Server thread/INFO]: Stopping the server
[22:02:31] [Server thread/INFO]: Stopping server
[22:02:31] [Server thread/INFO]: [SkinsRestorer] Disabling SkinsRestorer v15.6.6
[22:02:31] [Server thread/INFO]: [Dis-Enchanting] Disabling Dis-Enchanting v1.0
[22:02:31] [Server thread/INFO]: Saving players
[22:02:31] [Server thread/INFO]: Saving worlds
[22:02:31] [Server thread/INFO]: Saving chunks for level 'ServerLevel[world]'/minecraft:overworld
[22:02:31] [Server thread/INFO]: [ChunkHolderManager] Waiting 60s for chunk system to halt for world 'world'
[22:02:31] [Server thread/INFO]: [ChunkHolderManager] Halted chunk system for world 'world'
[22:02:31] [Server thread/INFO]: [ChunkHolderManager] Saving all chunkholders for world 'world'
[22:02:31] [Server thread/INFO]: [ChunkHolderManager] Saved 0 block chunks, 9 entity chunks, 0 poi chunks in world 'world' in 0.01s
[22:02:31] [Server thread/INFO]: [ChunkHolderManager] Waiting 60s for chunk I/O to halt for world 'world'
[22:02:31] [Server thread/INFO]: [ChunkHolderManager] Halted I/O scheduler for world 'world'
[22:02:31] [Server thread/INFO]: Saving chunks for level 'ServerLevel[world_nether]'/minecraft:the_nether
[22:02:31] [Server thread/INFO]: [ChunkHolderManager] Waiting 60s for chunk system to halt for world 'world_nether'
[22:02:31] [Server thread/INFO]: [ChunkHolderManager] Halted chunk system for world 'world_nether'
[22:02:31] [Server thread/INFO]: [ChunkHolderManager] Saving all chunkholders for world 'world_nether'
[22:02:31] [Server thread/INFO]: [ChunkHolderManager] Saved 27 block chunks, 91 entity chunks, 0 poi chunks in world 'world_nether' in 0.08s
[22:02:31] [Server thread/INFO]: [ChunkHolderManager] Waiting 60s for chunk I/O to halt for world 'world_nether'
[22:02:31] [Server thread/INFO]: [ChunkHolderManager] Halted I/O scheduler for world 'world_nether'
[22:02:31] [Server thread/INFO]: Saving chunks for level 'ServerLevel[world_the_end]'/minecraft:the_end
[22:02:31] [Server thread/INFO]: [ChunkHolderManager] Waiting 60s for chunk system to halt for world 'world_the_end'
[22:02:31] [Server thread/INFO]: [ChunkHolderManager] Halted chunk system for world 'world_the_end'
[22:02:31] [Server thread/INFO]: [ChunkHolderManager] Saving all chunkholders for world 'world_the_end'
[22:02:31] [Server thread/INFO]: [ChunkHolderManager] Saved 0 block chunks, 10 entity chunks, 0 poi chunks in world 'world_the_end' in 0.01s
[22:02:31] [Server thread/INFO]: [ChunkHolderManager] Waiting 60s for chunk I/O to halt for world 'world_the_end'
[22:02:31] [Server thread/INFO]: [ChunkHolderManager] Halted I/O scheduler for world 'world_the_end'
[22:02:31] [Server thread/INFO]: ThreadedAnvilChunkStorage (world): All chunks are saved
[22:02:31] [Server thread/INFO]: ThreadedAnvilChunkStorage (DIM-1): All chunks are saved
[22:02:31] [Server thread/INFO]: ThreadedAnvilChunkStorage (DIM1): All chunks are saved
[22:02:31] [Server thread/INFO]: ThreadedAnvilChunkStorage: All dimensions are saved
[22:02:31] [Server thread/INFO]: Waiting for all RegionFile I/O tasks to complete...
[22:02:31] [Server thread/INFO]: All RegionFile I/O tasks to complete
[22:02:31] [Server thread/INFO]: [MoonriseCommon] Awaiting termination of worker pool for up to 60s...
[22:02:31] [Server thread/INFO]: [MoonriseCommon] Awaiting termination of I/O pool for up to 60s...
